
> Echo Dialer MVP Design@0.1.0 dev
> vite --host 127.0.0.1 --port 3000 --strictPort


  VITE v6.4.1  ready in 377 ms

  ➜  Local:   http://127.0.0.1:3000/
3:25:26 AM [vite] (client) page reload src/playwright-report/index.html
3:26:44 AM [vite] (client) hmr update /src/components/EchoSidebar.tsx
3:27:24 AM [vite] (client) hmr update /src/components/DashboardScreen.tsx
3:27:28 AM [vite] (client) hmr update /src/components/DashboardScreen.tsx
3:37:24 AM [vite] (client) page reload src/main.tsx
3:37:28 AM [vite] changed tsconfig file detected: /workspaces/SalesMachine/tsconfig.json - Clearing cache and forcing full-reload to ensure TypeScript is compiled with updated config values.
3:37:37 AM [vite] (client) hmr update /src/components/ui/input.tsx
3:37:37 AM [vite] (client) hmr update /src/components/ui/button.tsx
3:37:42 AM [vite] (client) ✨ new dependencies optimized: @radix-ui/react-slot, class-variance-authority
3:37:42 AM [vite] (client) ✨ optimized dependencies changed. reloading
3:37:42 AM [vite] (client) hmr invalidate /src/components/ui/button.tsx Could not Fast Refresh ("buttonVariants" export is incompatible). Learn more at https://github.com/vitejs/vite-plugin-react/tree/main/packages/plugin-react-swc#consistent-components-exports
3:37:42 AM [vite] (client) hmr update /src/components/LiveMeetCoach.tsx
3:38:41 AM [vite] (client) hmr update /src/components/ui/input.tsx
3:38:41 AM [vite] (client) hmr update /src/components/ui/button.tsx
3:38:42 AM [vite] (client) hmr invalidate /src/components/ui/button.tsx Could not Fast Refresh ("buttonVariants" export is incompatible). Learn more at https://github.com/vitejs/vite-plugin-react/tree/main/packages/plugin-react-swc#consistent-components-exports
3:38:42 AM [vite] (client) hmr update /src/components/LiveMeetCoach.tsx
3:38:51 AM [vite] changed tsconfig file detected: /workspaces/SalesMachine/tsconfig.json - Clearing cache and forcing full-reload to ensure TypeScript is compiled with updated config values.
3:38:55 AM [vite] (client) hmr update /src/components/AuthGate.tsx
3:39:32 AM [vite] changed tsconfig file detected: /workspaces/SalesMachine/tsconfig.json - Clearing cache and forcing full-reload to ensure TypeScript is compiled with updated config values.
3:39:46 AM [vite] (client) hmr update /src/contexts/SalesContext.tsx
3:39:46 AM [vite] (client) hmr invalidate /src/contexts/SalesContext.tsx Could not Fast Refresh ("useSales" export is incompatible). Learn more at https://github.com/vitejs/vite-plugin-react/tree/main/packages/plugin-react-swc#consistent-components-exports
3:39:46 AM [vite] (client) page reload src/contexts/SalesContext.tsx
3:40:10 AM [vite] (client) hmr update /src/components/DashboardScreen.tsx
3:40:10 AM [vite] (client) hmr invalidate /src/components/DashboardScreen.tsx Could not Fast Refresh (export removed)
3:40:10 AM [vite] (client) hmr update /src/App.tsx
3:40:53 AM [vite] (client) hmr update /src/components/AnalyticsScreen.tsx
